<?xml version="1.0" encoding="UTF-8"?>
<testng-results ignored="0" total="2" passed="2" failed="0" skipped="0">
  <reporter-output>
  </reporter-output>
  <suite started-at="2023-06-04T20:23:06 IST" name="Suite" finished-at="2023-06-04T20:23:15 IST" duration-ms="8808">
    <groups>
    </groups>
    <test started-at="2023-06-04T20:23:06 IST" name="TestOnChrome" finished-at="2023-06-04T20:23:12 IST" duration-ms="5608">
      <class name="selenium_revision.CrossBrowserTestingDemo">
        <test-method is-config="true" signature="LaunchBrowser(java.lang.String)[pri:0, instance:selenium_revision.CrossBrowserTestingDemo@48aaecc3]" started-at="2023-06-04T20:23:06 IST" name="LaunchBrowser" finished-at="2023-06-04T20:23:08 IST" duration-ms="1786" status="PASS">
          <params>
            <param index="0">
              <value>
                <![CDATA[chrome]]>
              </value>
            </param>
          </params>
          <reporter-output>
          </reporter-output>
        </test-method> <!-- LaunchBrowser -->
        <test-method signature="verifyTitle()[pri:0, instance:selenium_revision.CrossBrowserTestingDemo@48aaecc3]" started-at="2023-06-04T20:23:08 IST" name="verifyTitle" finished-at="2023-06-04T20:23:12 IST" duration-ms="3543" status="PASS">
          <reporter-output>
          </reporter-output>
        </test-method> <!-- verifyTitle -->
        <test-method is-config="true" signature="Quit()[pri:0, instance:selenium_revision.CrossBrowserTestingDemo@48aaecc3]" started-at="2023-06-04T20:23:12 IST" name="Quit" finished-at="2023-06-04T20:23:12 IST" duration-ms="245" status="PASS">
          <reporter-output>
          </reporter-output>
        </test-method> <!-- Quit -->
      </class> <!-- selenium_revision.CrossBrowserTestingDemo -->
    </test> <!-- TestOnChrome -->
    <test started-at="2023-06-04T20:23:06 IST" name="TestOnFirefox" finished-at="2023-06-04T20:23:15 IST" duration-ms="8808">
      <class name="selenium_revision.CrossBrowserTestingDemo">
        <test-method is-config="true" signature="LaunchBrowser(java.lang.String)[pri:0, instance:selenium_revision.CrossBrowserTestingDemo@6ca8564a]" started-at="2023-06-04T20:23:06 IST" name="LaunchBrowser" finished-at="2023-06-04T20:23:10 IST" duration-ms="3697" status="PASS">
          <params>
            <param index="0">
              <value>
                <![CDATA[firefox]]>
              </value>
            </param>
          </params>
          <reporter-output>
          </reporter-output>
        </test-method> <!-- LaunchBrowser -->
        <test-method signature="verifyTitle()[pri:0, instance:selenium_revision.CrossBrowserTestingDemo@6ca8564a]" started-at="2023-06-04T20:23:10 IST" name="verifyTitle" finished-at="2023-06-04T20:23:14 IST" duration-ms="4294" status="PASS">
          <reporter-output>
          </reporter-output>
        </test-method> <!-- verifyTitle -->
        <test-method is-config="true" signature="Quit()[pri:0, instance:selenium_revision.CrossBrowserTestingDemo@6ca8564a]" started-at="2023-06-04T20:23:14 IST" name="Quit" finished-at="2023-06-04T20:23:15 IST" duration-ms="783" status="PASS">
          <reporter-output>
          </reporter-output>
        </test-method> <!-- Quit -->
      </class> <!-- selenium_revision.CrossBrowserTestingDemo -->
    </test> <!-- TestOnFirefox -->
  </suite> <!-- Suite -->
</testng-results>
